/yy/index.php?r=play/getdata&callback=jQuery19108833191028495151_1551681176079&hash=A11F7A8BD2EA5BBDB32F58A9081F27B4
getMusicInfo:API请求完成
/song_search_v2?callback=jQuery191034642999175022426_1489023388639&keyword=%E7%8B%82%E7%8B%BC&page=1&pagesize=100&userid=-1&clientver=&platform=WebFilter&filter=2&iscorrection=1&privilege_filter=0
API请求完成
/yy/index.php?r=play/getdata&callback=jQuery19108833191028495151_1551681176079&hash=2F24805B0E04CF735CADE105A7CF5568
getMusicInfo:API请求完成
/yy/index.php?r=play/getdata&callback=jQuery19108833191028495151_1551681176079&hash=E756B3857500BE494070322CA0617EEC
getMusicInfo:API请求完成
/song_search_v2?callback=jQuery191034642999175022426_1489023388639&keyword=%E6%9E%97%E4%BF%8A%E6%9D%B0&page=1&pagesize=100&userid=-1&clientver=&platform=WebFilter&filter=2&iscorrection=1&privilege_filter=0
API请求完成
/yy/index.php?r=play/getdata&callback=jQuery19108833191028495151_1551681176079&hash=9A24F662F029AF21198CB63387BA4239
getMusicInfo:API请求完成
/yy/index.php?r=play/getdata&callback=jQuery19108833191028495151_1551681176079&hash=34867B5417A51CF13F799970CFEAB754
getMusicInfo:API请求完成
/yy/index.php?r=play/getdata&callback=jQuery19108833191028495151_1551681176079&hash=E74E56BE4097507F1ABC204E7DC00D9A
getMusicInfo:API请求完成
/yy/index.php?r=play/getdata&callback=jQuery19108833191028495151_1551681176079&hash=A1CE572E83E09CC9FA67B939C88E8F5F
getMusicInfo:API请求完成
/yy/index.php?r=play/getdata&callback=jQuery19108833191028495151_1551681176079&hash=A1CE572E83E09CC9FA67B939C88E8F5F
getMusicInfo:API请求完成
/song_search_v2?callback=jQuery191034642999175022426_1489023388639&keyword=%E5%91%A8%E6%9D%B0%E4%BC%A6&page=1&pagesize=100&userid=-1&clientver=&platform=WebFilter&filter=2&iscorrection=1&privilege_filter=0
API请求完成
/yy/index.php?r=play/getdata&callback=jQuery19108833191028495151_1551681176079&hash=56BCEABD54BE6455C91335CCBEC741A0
getMusicInfo:API请求完成
/yy/index.php?r=play/getdata&callback=jQuery19108833191028495151_1551681176079&hash=AEDAB6D1E498499D6BE344A748CB03D6
getMusicInfo:API请求完成
/yy/index.php?r=play/getdata&callback=jQuery19108833191028495151_1551681176079&hash=D9056CAEF52789770D3B6909BADFB53B
getMusicInfo:API请求完成
/yy/index.php?r=play/getdata&callback=jQuery19108833191028495151_1551681176079&hash=458E9B9F362277AC37E9EEF1CB80B535
/yy/index.php?r=play/getdata&callback=jQuery19108833191028495151_1551681176079&hash=9198B18815EE8CE42AE368AE29276F78
getMusicInfo:API请求完成
/yy/index.php?r=play/getdata&callback=jQuery19108833191028495151_1551681176079&hash=8B7DF540F77042FB76DA1EE3A79EAE0A
getMusicInfo:API请求完成
/yy/index.php?r=play/getdata&callback=jQuery19108833191028495151_1551681176079&hash=458E9B9F362277AC37E9EEF1CB80B535
getMusicInfo:API请求完成
/yy/index.php?r=play/getdata&callback=jQuery19108833191028495151_1551681176079&hash=8B7DF540F77042FB76DA1EE3A79EAE0A
getMusicInfo:API请求完成
